<?xml version="1.0" encoding="UTF-8"?>
<coverage generated="1734032251394" clover="3.2.0">
  <project timestamp="1734032251394" name="All files">
    <metrics statements="15" coveredstatements="15" conditionals="1" coveredconditionals="1" methods="12" coveredmethods="12" elements="28" coveredelements="28" complexity="0" loc="15" ncloc="15" packages="1" files="1" classes="1"/>
    <file name="utils.ts" path="/home/mpozo/pet_projects/typescript_ghAPI/src/utils.ts">
      <metrics statements="15" coveredstatements="15" conditionals="1" coveredconditionals="1" methods="12" coveredmethods="12"/>
      <line num="4" count="1" type="stmt"/>
      <line num="5" count="7" type="stmt"/>
      <line num="9" count="1" type="stmt"/>
      <line num="13" count="3" type="stmt"/>
      <line num="16" count="12" type="stmt"/>
      <line num="22" count="1" type="stmt"/>
      <line num="23" count="5" type="stmt"/>
      <line num="27" count="1" type="stmt"/>
      <line num="28" count="3" type="stmt"/>
      <line num="29" count="11" type="stmt"/>
      <line num="34" count="1" type="stmt"/>
      <line num="35" count="2" type="stmt"/>
      <line num="36" count="8" type="stmt"/>
      <line num="41" count="1" type="stmt"/>
      <line num="45" count="5" type="stmt"/>
    </file>
  </project>
</coverage>
