{"/home/mpozo/pet_projects/typescript_ghAPI/src/utils.ts": {"path":"/home/mpozo/pet_projects/typescript_ghAPI/src/utils.ts","statementMap":{"0":{"start":{"line":4,"column":0},"end":{"line":4,"column":16}},"1":{"start":{"line":9,"column":0},"end":{"line":9,"column":16}},"2":{"start":{"line":22,"column":0},"end":{"line":22,"column":16}},"3":{"start":{"line":27,"column":0},"end":{"line":27,"column":16}},"4":{"start":{"line":34,"column":0},"end":{"line":34,"column":16}},"5":{"start":{"line":41,"column":0},"end":{"line":41,"column":16}},"6":{"start":{"line":5,"column":2},"end":{"line":5,"column":66}},"7":{"start":{"line":5,"column":39},"end":{"line":5,"column":64}},"8":{"start":{"line":13,"column":2},"end":{"line":18,"column":21}},"9":{"start":{"line":16,"column":8},"end":{"line":16,"column":75}},"10":{"start":{"line":23,"column":2},"end":{"line":23,"column":76}},"11":{"start":{"line":23,"column":44},"end":{"line":23,"column":71}},"12":{"start":{"line":28,"column":2},"end":{"line":30,"column":21}},"13":{"start":{"line":29,"column":20},"end":{"line":29,"column":59}},"14":{"start":{"line":35,"column":2},"end":{"line":37,"column":4}},"15":{"start":{"line":36,"column":4},"end":{"line":36,"column":52}},"16":{"start":{"line":45,"column":2},"end":{"line":45,"column":64}},"17":{"start":{"line":45,"column":39},"end":{"line":45,"column":62}}},"fnMap":{"0":{"name":"filterStarredRepos","decl":{"start":{"line":4,"column":16},"end":{"line":4,"column":34}},"loc":{"start":{"line":4,"column":61},"end":{"line":6,"column":1}}},"1":{"name":"(anonymous_1)","decl":{"start":{"line":5,"column":29},"end":{"line":5,"column":30}},"loc":{"start":{"line":5,"column":39},"end":{"line":5,"column":64}}},"2":{"name":"sortByLastUpdated","decl":{"start":{"line":9,"column":16},"end":{"line":9,"column":33}},"loc":{"start":{"line":11,"column":19},"end":{"line":19,"column":1}}},"3":{"name":"(anonymous_3)","decl":{"start":{"line":15,"column":6},"end":{"line":15,"column":7}},"loc":{"start":{"line":16,"column":8},"end":{"line":16,"column":75}}},"4":{"name":"getStars","decl":{"start":{"line":22,"column":16},"end":{"line":22,"column":24}},"loc":{"start":{"line":22,"column":51},"end":{"line":24,"column":1}}},"5":{"name":"(anonymous_5)","decl":{"start":{"line":23,"column":29},"end":{"line":23,"column":30}},"loc":{"start":{"line":23,"column":44},"end":{"line":23,"column":71}}},"6":{"name":"getTopRepos","decl":{"start":{"line":27,"column":16},"end":{"line":27,"column":27}},"loc":{"start":{"line":27,"column":69},"end":{"line":31,"column":1}}},"7":{"name":"(anonymous_7)","decl":{"start":{"line":29,"column":10},"end":{"line":29,"column":11}},"loc":{"start":{"line":29,"column":20},"end":{"line":29,"column":59}}},"8":{"name":"sortAlphabetically","decl":{"start":{"line":34,"column":16},"end":{"line":34,"column":34}},"loc":{"start":{"line":34,"column":61},"end":{"line":38,"column":1}}},"9":{"name":"(anonymous_9)","decl":{"start":{"line":35,"column":27},"end":{"line":35,"column":28}},"loc":{"start":{"line":36,"column":4},"end":{"line":36,"column":52}}},"10":{"name":"removeReposStartingWithLetter","decl":{"start":{"line":41,"column":16},"end":{"line":41,"column":45}},"loc":{"start":{"line":43,"column":16},"end":{"line":46,"column":1}}},"11":{"name":"(anonymous_11)","decl":{"start":{"line":45,"column":29},"end":{"line":45,"column":30}},"loc":{"start":{"line":45,"column":39},"end":{"line":45,"column":62}}}},"branchMap":{"0":{"loc":{"start":{"line":11,"column":2},"end":{"line":11,"column":19}},"type":"default-arg","locations":[{"start":{"line":11,"column":18},"end":{"line":11,"column":19}}]}},"s":{"0":1,"1":1,"2":1,"3":1,"4":1,"5":1,"6":3,"7":7,"8":3,"9":12,"10":2,"11":5,"12":0,"13":0,"14":0,"15":0,"16":0,"17":0},"f":{"0":3,"1":7,"2":3,"3":12,"4":2,"5":5,"6":0,"7":0,"8":0,"9":0,"10":0,"11":0},"b":{"0":[1]}}
}
