TN:
SF:src/utils.ts
FN:4,filterStarredRepos
FN:5,(anonymous_1)
FN:9,sortByLastUpdated
FN:15,(anonymous_3)
FN:22,getStars
FN:23,(anonymous_5)
FN:27,getTopRepos
FN:29,(anonymous_7)
FN:34,sortAlphabetically
FN:35,(anonymous_9)
FN:41,removeReposStartingWithLetter
FN:45,(anonymous_11)
FNF:12
FNH:12
FNDA:3,filterStarredRepos
FNDA:7,(anonymous_1)
FNDA:3,sortByLastUpdated
FNDA:12,(anonymous_3)
FNDA:2,getStars
FNDA:5,(anonymous_5)
FNDA:3,getTopRepos
FNDA:11,(anonymous_7)
FNDA:2,sortAlphabetically
FNDA:8,(anonymous_9)
FNDA:2,removeReposStartingWithLetter
FNDA:5,(anonymous_11)
DA:4,1
DA:5,7
DA:9,1
DA:13,3
DA:16,12
DA:22,1
DA:23,5
DA:27,1
DA:28,3
DA:29,11
DA:34,1
DA:35,2
DA:36,8
DA:41,1
DA:45,5
LF:15
LH:15
BRDA:11,0,0,1
BRF:1
BRH:1
end_of_record
